<?xml version="1.0" encoding="UTF-8"?>
<!-- Generated by org.testng.reporters.JUnitXMLReporter -->
<testsuite ignored="4" hostname="Hariom" failures="0" tests="1" name="Default test" time="2.76" errors="0" timestamp="2024-06-29T20:50:26 IST">
  <testcase classname="com.fakestoreAssignment28_06.FakeStore" name="Create_a_new_order" time="2.73"/>
  <testcase classname="com.fakestoreAssignment28_06.FakeStore" name="Check_order_status_and_retrieve_order_details" time="0.0">
    <ignored/>
  </testcase> <!-- Check_order_status_and_retrieve_order_details -->
  <testcase classname="com.fakestoreAssignment28_06.FakeStore" name="Get_a_list_of_shopping_buckets_carts" time="0.0">
    <ignored/>
  </testcase> <!-- Get_a_list_of_shopping_buckets_carts -->
  <testcase classname="com.fakestoreAssignment28_06.FakeStore" name="Get_a_list_of_products_available" time="0.0">
    <ignored/>
  </testcase> <!-- Get_a_list_of_products_available -->
  <testcase classname="com.fakestoreAssignment28_06.FakeStore" name="Get_a_list_of_orders_placed_by_users_and_their_status" time="0.0">
    <ignored/>
  </testcase> <!-- Get_a_list_of_orders_placed_by_users_and_their_status -->
</testsuite> <!-- Default test -->
