<?xml version="1.0" encoding="UTF-8"?>
<testng-results ignored="4" total="5" passed="1" failed="0" skipped="0">
  <reporter-output>
  </reporter-output>
  <suite started-at="2024-06-29T20:50:23 IST" name="Default suite" finished-at="2024-06-29T20:50:26 IST" duration-ms="2760">
    <groups>
    </groups>
    <test started-at="2024-06-29T20:50:23 IST" name="Default test" finished-at="2024-06-29T20:50:26 IST" duration-ms="2760">
      <class name="com.fakestoreAssignment28_06.FakeStore">
        <test-method signature="Create_a_new_order()[pri:0, instance:com.fakestoreAssignment28_06.FakeStore@23c30a20]" started-at="2024-06-29T20:50:23 IST" name="Create_a_new_order" finished-at="2024-06-29T20:50:26 IST" duration-ms="2730" status="PASS">
          <reporter-output>
          </reporter-output>
        </test-method> <!-- Create_a_new_order -->
      </class> <!-- com.fakestoreAssignment28_06.FakeStore -->
    </test> <!-- Default test -->
  </suite> <!-- Default suite -->
</testng-results>
